<?xml version="1.0" encoding="UTF-8"?>
<!-- Generated by org.testng.reporters.JUnitReportReporter -->
<testsuite hostname="MSI" failures="0" tests="2" name="cucumberOptions.TestNGRunner" time="14.225" errors="0" timestamp="2024-01-24T00:44:29 IST" skipped="0">
  <testcase classname="cucumberOptions.TestNGRunner" name="runScenario" time="7.459"/>
  <testcase classname="cucumberOptions.TestNGRunner" name="runScenario" time="6.766"/>
</testsuite> <!-- cucumberOptions.TestNGRunner -->
